# JRE version: OpenJDK Runtime Environment (8.0_242-b01) (build 1.8.0_242-release-1644-b01)
# Java VM: OpenJDK 64-Bit Server VM (25.242-b01 mixed mode windows-amd64 compressed oops)
Heap:
 PSYoungGen      total 152576K, used 116160K [0x00000000d5580000, 0x00000000e2500000, 0x0000000100000000)
  eden space 137728K, 84% used [0x00000000d5580000,0x00000000dc6f00e8,0x00000000ddc00000)
  from space 14848K, 0% used [0x00000000ddc00000,0x00000000ddc00000,0x00000000dea80000)
  to   space 16896K, 0% used [0x00000000e1480000,0x00000000e1480000,0x00000000e2500000)
 ParOldGen       total 88576K, used 35906K [0x0000000080000000, 0x0000000085680000, 0x00000000d5580000)
  object space 88576K, 40% used [0x0000000080000000,0x0000000082310918,0x0000000085680000)
 Metaspace       used 63673K, capacity 66176K, committed 66456K, reserved 1105920K
  class space    used 8734K, capacity 9254K, committed 9376K, reserved 1048576K
GC Heap History (10 events):
Event: 21.451 GC heap before
{Heap before GC invocations=14 (full 2):
 PSYoungGen      total 118272K, used 1716K [0x00000000d5580000, 0x00000000de200000, 0x0000000100000000)
  eden space 109056K, 0% used [0x00000000d5580000,0x00000000d5580000,0x00000000dc000000)
  from space 9216K, 18% used [0x00000000dc900000,0x00000000dcaad078,0x00000000dd200000)
  to   space 9216K, 0% used [0x00000000dc000000,0x00000000dc000000,0x00000000dc900000)
 ParOldGen       total 33280K, used 17285K [0x0000000080000000, 0x0000000082080000, 0x00000000d5580000)
  object space 33280K, 51% used [0x0000000080000000,0x00000000810e14c0,0x0000000082080000)
 Metaspace       used 34335K, capacity 35412K, committed 35496K, reserved 1079296K
  class space    used 4719K, capacity 5001K, committed 5040K, reserved 1048576K
Event: 21.606 GC heap after
Heap after GC invocations=14 (full 2):
 PSYoungGen      total 118272K, used 0K [0x00000000d5580000, 0x00000000de200000, 0x0000000100000000)
  eden space 109056K, 0% used [0x00000000d5580000,0x00000000d5580000,0x00000000dc000000)
  from space 9216K, 0% used [0x00000000dc900000,0x00000000dc900000,0x00000000dd200000)
  to   space 9216K, 0% used [0x00000000dc000000,0x00000000dc000000,0x00000000dc900000)
 ParOldGen       total 48640K, used 14768K [0x0000000080000000, 0x0000000082f80000, 0x00000000d5580000)
  object space 48640K, 30% used [0x0000000080000000,0x0000000080e6c3d0,0x0000000082f80000)
 Metaspace       used 34335K, capacity 35412K, committed 35496K, reserved 1079296K
  class space    used 4719K, capacity 5001K, committed 5040K, reserved 1048576K
}
Event: 25.181 GC heap before
{Heap before GC invocations=15 (full 2):
 PSYoungGen      total 118272K, used 109056K [0x00000000d5580000, 0x00000000de200000, 0x0000000100000000)
  eden space 109056K, 100% used [0x00000000d5580000,0x00000000dc000000,0x00000000dc000000)
  from space 9216K, 0% used [0x00000000dc900000,0x00000000dc900000,0x00000000dd200000)
  to   space 9216K, 0% used [0x00000000dc000000,0x00000000dc000000,0x00000000dc900000)
 ParOldGen       total 48640K, used 14768K [0x0000000080000000, 0x0000000082f80000, 0x00000000d5580000)
  object space 48640K, 30% used [0x0000000080000000,0x0000000080e6c3d0,0x0000000082f80000)
 Metaspace       used 37388K, capacity 39060K, committed 39336K, reserved 1083392K
  class space    used 5124K, capacity 5470K, committed 5552K, reserved 1048576K
Event: 25.203 GC heap after
Heap after GC invocations=15 (full 2):
 PSYoungGen      total 118272K, used 7218K [0x00000000d5580000, 0x00000000df480000, 0x0000000100000000)
  eden space 109056K, 0% used [0x00000000d5580000,0x00000000d5580000,0x00000000dc000000)
  from space 9216K, 78% used [0x00000000dc000000,0x00000000dc70c8a0,0x00000000dc900000)
  to   space 10240K, 0% used [0x00000000dea80000,0x00000000dea80000,0x00000000df480000)
 ParOldGen       total 48640K, used 14776K [0x0000000080000000, 0x0000000082f80000, 0x00000000d5580000)
  object space 48640K, 30% used [0x0000000080000000,0x0000000080e6e3d0,0x0000000082f80000)
 Metaspace       used 37388K, capacity 39060K, committed 39336K, reserved 1083392K
  class space    used 5124K, capacity 5470K, committed 5552K, reserved 1048576K
}
Event: 29.651 GC heap before
{Heap before GC invocations=16 (full 2):
 PSYoungGen      total 118272K, used 116274K [0x00000000d5580000, 0x00000000df480000, 0x0000000100000000)
  eden space 109056K, 100% used [0x00000000d5580000,0x00000000dc000000,0x00000000dc000000)
  from space 9216K, 78% used [0x00000000dc000000,0x00000000dc70c8a0,0x00000000dc900000)
  to   space 10240K, 0% used [0x00000000dea80000,0x00000000dea80000,0x00000000df480000)
 ParOldGen       total 48640K, used 14776K [0x0000000080000000, 0x0000000082f80000, 0x00000000d5580000)
  object space 48640K, 30% used [0x0000000080000000,0x0000000080e6e3d0,0x0000000082f80000)
 Metaspace       used 48452K, capacity 50290K, committed 50472K, reserved 1093632K
  class space    used 6502K, capacity 6883K, committed 6960K, reserved 1048576K
Event: 29.706 GC heap after
Heap after GC invocations=16 (full 2):
 PSYoungGen      total 147968K, used 10235K [0x00000000d5580000, 0x00000000dfe00000, 0x0000000100000000)
  eden space 137728K, 0% used [0x00000000d5580000,0x00000000d5580000,0x00000000ddc00000)
  from space 10240K, 99% used [0x00000000dea80000,0x00000000df47ed88,0x00000000df480000)
  to   space 14848K, 0% used [0x00000000ddc00000,0x00000000ddc00000,0x00000000dea80000)
 ParOldGen       total 48640K, used 23921K [0x0000000080000000, 0x0000000082f80000, 0x00000000d5580000)
  object space 48640K, 49% used [0x0000000080000000,0x000000008175c460,0x0000000082f80000)
 Metaspace       used 48452K, capacity 50290K, committed 50472K, reserved 1093632K
  class space    used 6502K, capacity 6883K, committed 6960K, reserved 1048576K
}
Event: 36.199 GC heap before
{Heap before GC invocations=17 (full 2):
 PSYoungGen      total 147968K, used 122414K [0x00000000d5580000, 0x00000000dfe00000, 0x0000000100000000)
  eden space 137728K, 81% used [0x00000000d5580000,0x00000000dc30cbe0,0x00000000ddc00000)
  from space 10240K, 99% used [0x00000000dea80000,0x00000000df47ed88,0x00000000df480000)
  to   space 14848K, 0% used [0x00000000ddc00000,0x00000000ddc00000,0x00000000dea80000)
 ParOldGen       total 48640K, used 23921K [0x0000000080000000, 0x0000000082f80000, 0x00000000d5580000)
  object space 48640K, 49% used [0x0000000080000000,0x000000008175c460,0x0000000082f80000)
 Metaspace       used 56887K, capacity 59056K, committed 59160K, reserved 1099776K
  class space    used 7698K, capacity 8123K, committed 8224K, reserved 1048576K
Event: 36.251 GC heap after
Heap after GC invocations=17 (full 2):
 PSYoungGen      total 152576K, used 13071K [0x00000000d5580000, 0x00000000e2500000, 0x0000000100000000)
  eden space 137728K, 0% used [0x00000000d5580000,0x00000000d5580000,0x00000000ddc00000)
  from space 14848K, 88% used [0x00000000ddc00000,0x00000000de8c3ce8,0x00000000dea80000)
  to   space 16896K, 0% used [0x00000000e1480000,0x00000000e1480000,0x00000000e2500000)
 ParOldGen       total 48640K, used 30057K [0x0000000080000000, 0x0000000082f80000, 0x00000000d5580000)
  object space 48640K, 61% used [0x0000000080000000,0x0000000081d5a590,0x0000000082f80000)
 Metaspace       used 56887K, capacity 59056K, committed 59160K, reserved 1099776K
  class space    used 7698K, capacity 8123K, committed 8224K, reserved 1048576K
}
Event: 36.251 GC heap before
{Heap before GC invocations=18 (full 3):
 PSYoungGen      total 152576K, used 13071K [0x00000000d5580000, 0x00000000e2500000, 0x0000000100000000)
  eden space 137728K, 0% used [0x00000000d5580000,0x00000000d5580000,0x00000000ddc00000)
  from space 14848K, 88% used [0x00000000ddc00000,0x00000000de8c3ce8,0x00000000dea80000)
  to   space 16896K, 0% used [0x00000000e1480000,0x00000000e1480000,0x00000000e2500000)
 ParOldGen       total 48640K, used 30057K [0x0000000080000000, 0x0000000082f80000, 0x00000000d5580000)
  object space 48640K, 61% used [0x0000000080000000,0x0000000081d5a590,0x0000000082f80000)
 Metaspace       used 56887K, capacity 59056K, committed 59160K, reserved 1099776K
  class space    used 7698K, capacity 8123K, committed 8224K, reserved 1048576K
Event: 37.725 GC heap after
Heap after GC invocations=18 (full 3):
 PSYoungGen      total 152576K, used 0K [0x00000000d5580000, 0x00000000e2500000, 0x0000000100000000)
  eden space 137728K, 0% used [0x00000000d5580000,0x00000000d5580000,0x00000000ddc00000)
  from space 14848K, 0% used [0x00000000ddc00000,0x00000000ddc00000,0x00000000dea80000)
  to   space 16896K, 0% used [0x00000000e1480000,0x00000000e1480000,0x00000000e2500000)
 ParOldGen       total 88576K, used 35906K [0x0000000080000000, 0x0000000085680000, 0x00000000d5580000)
  object space 88576K, 40% used [0x0000000080000000,0x0000000082310918,0x0000000085680000)
 Metaspace       used 56878K, capacity 59026K, committed 59160K, reserved 1099776K
  class space    used 7695K, capacity 8118K, committed 8224K, reserved 1048576K
}

